2019-09-24 22:30:29 +0000  Initial pipeline context: <IDEDistributionProcessingPipelineContext: 0x7f9024f86d80; archive(resolved)='<IDEArchive: 0x7f9023a69f80>', distributionTask(resolved)='2', distributionDestination(resolved)='1', distributionMethod(resolved)='<IDEDistributionMethodAdHoc: 0x7f902388bfa0>', team(resolved)='<IDEProvisioningDisambiguatableBasicTeam: 0x7f902222a060; teamID='9QHM5UKB7X', teamName='Thuan Tran', teamType='Individual', username='piikaa1609@gmail.com', isFreeProvisioningTeam='0'>'>
	Chain (12, self inclusive):
	<IDEDistributionProcessingPipelineContext: 0x7f9024f86d80; archive = '<IDEArchive: 0x7f9023a69f80>', distributionMethod='<IDEDistributionMethodAdHoc: 0x7f902388bfa0>', team='<IDEProvisioningDisambiguatableBasicTeam: 0x7f902222a060; teamID='9QHM5UKB7X', teamName='Thuan Tran', teamType='Individual', username='piikaa1609@gmail.com', isFreeProvisioningTeam='0'>'>
	<IDEDistributionProcessingPipelineContext: 0x7f9024f0f7e0; archive = '<IDEArchive: 0x7f9023a69f80>', distributionMethod='<IDEDistributionMethodAdHoc: 0x7f902388bfa0>', team='<IDEProvisioningDisambiguatableBasicTeam: 0x7f902222a060; teamID='9QHM5UKB7X', teamName='Thuan Tran', teamType='Individual', username='piikaa1609@gmail.com', isFreeProvisioningTeam='0'>'>
	<IDEDistributionContext: 0x7f9025c23cb0; archive = '<IDEArchive: 0x7f9023a69f80>', distributionMethod='<IDEDistributionMethodAdHoc: 0x7f902388bfa0>', team='<IDEProvisioningDisambiguatableBasicTeam: 0x7f902222a060; teamID='9QHM5UKB7X', teamName='Thuan Tran', teamType='Individual', username='piikaa1609@gmail.com', isFreeProvisioningTeam='0'>'>
	<IDEDistributionContext: 0x7f9024924370; archive = '<IDEArchive: 0x7f9023a69f80>', distributionMethod='<IDEDistributionMethodAdHoc: 0x7f902388bfa0>', team='<IDEProvisioningDisambiguatableBasicTeam: 0x7f902222a060; teamID='9QHM5UKB7X', teamName='Thuan Tran', teamType='Individual', username='piikaa1609@gmail.com', isFreeProvisioningTeam='0'>'>
	<IDEDistributionContext: 0x7f9025c268b0; archive = '<IDEArchive: 0x7f9023a69f80>', distributionMethod='<IDEDistributionMethodAdHoc: 0x7f902388bfa0>', team='<IDEProvisioningDisambiguatableBasicTeam: 0x7f902222a060; teamID='9QHM5UKB7X', teamName='Thuan Tran', teamType='Individual', username='piikaa1609@gmail.com', isFreeProvisioningTeam='0'>'>
	<IDEDistributionContext: 0x7f9024baa130; archive = '<IDEArchive: 0x7f9023a69f80>', distributionMethod='<IDEDistributionMethodAdHoc: 0x7f902388bfa0>', team='<IDEProvisioningDisambiguatableBasicTeam: 0x7f902222a060; teamID='9QHM5UKB7X', teamName='Thuan Tran', teamType='Individual', username='piikaa1609@gmail.com', isFreeProvisioningTeam='0'>'>
	<IDEDistributionContext: 0x7f9024eab640; archive = '<IDEArchive: 0x7f9023a69f80>', distributionMethod='<IDEDistributionMethodAdHoc: 0x7f902388bfa0>', team='<IDEProvisioningDisambiguatableBasicTeam: 0x7f902222a060; teamID='9QHM5UKB7X', teamName='Thuan Tran', teamType='Individual', username='piikaa1609@gmail.com', isFreeProvisioningTeam='0'>'>
	<IDEDistributionContext: 0x7f9024ee3c00; archive = '<IDEArchive: 0x7f9023a69f80>', distributionMethod='<IDEDistributionMethodAdHoc: 0x7f902388bfa0>', team='<IDEProvisioningDisambiguatableBasicTeam: 0x7f902222a060; teamID='9QHM5UKB7X', teamName='Thuan Tran', teamType='Individual', username='piikaa1609@gmail.com', isFreeProvisioningTeam='0'>'>
	<IDEDistributionContext: 0x7f9024e11850; archive = '<IDEArchive: 0x7f9023a69f80>', distributionMethod='<IDEDistributionMethodAdHoc: 0x7f902388bfa0>', team='<IDEProvisioningDisambiguatableBasicTeam: 0x7f902222a060; teamID='9QHM5UKB7X', teamName='Thuan Tran', teamType='Individual', username='piikaa1609@gmail.com', isFreeProvisioningTeam='0'>'>
	<IDEDistributionContext: 0x7f9024e03560; archive = '<IDEArchive: 0x7f9023a69f80>', distributionMethod='<IDEDistributionMethodAdHoc: 0x7f902388bfa0>', team='(null)'>
	<IDEDistributionContext: 0x7f9023fbd6f0; archive = '<IDEArchive: 0x7f9023a69f80>', distributionMethod='<IDEDistributionMethodAdHoc: 0x7f902388bfa0>', team='(null)'>
	<IDEDistributionContext: 0x7f9023f87af0; archive = '<IDEArchive: 0x7f9023a69f80>', distributionMethod='(null)', team='(null)'>
</IDEDistributionProcessingPipelineContext: 0x7f9024f86d80>
2019-09-24 22:30:29 +0000  Processing step: IDEDistributionCreateDestRootStep
2019-09-24 22:30:29 +0000  Processing step: IDEDistributionCopyItemStep
2019-09-24 22:30:29 +0000  Running /usr/bin/ditto '-V' '/Users/thanhtran/Library/Developer/Xcode/Archives/2019-09-22/Unity-iPhone 9-22-19, 9.44 AM.xcarchive/Products/Applications/ailover.app' '/var/folders/r5/048gxh713bxf07n51xz_8x2w0000gn/T/XcodeDistPipeline.~~~onWzie/Root/Payload/ailover.app'
2019-09-24 22:30:29 +0000  >>> Copying /Users/thanhtran/Library/Developer/Xcode/Archives/2019-09-22/Unity-iPhone 9-22-19, 9.44 AM.xcarchive/Products/Applications/ailover.app 
2019-09-24 22:30:29 +0000  copying file ./_CodeSignature/CodeResources ... 
2019-09-24 22:30:29 +0000  21819 bytes for ./_CodeSignature/CodeResources
2019-09-24 22:30:29 +0000  copying file ./ailover ... 
2019-09-24 22:30:29 +0000  55961872 bytes for ./ailover
2019-09-24 22:30:29 +0000  copying file ./AppIcon20x20@2x.png ... 
2019-09-24 22:30:29 +0000  5432 bytes for ./AppIcon20x20@2x.png
copying file ./AppIcon20x20@2x~ipad.png ... 
2019-09-24 22:30:29 +0000  5432 bytes for ./AppIcon20x20@2x~ipad.png
2019-09-24 22:30:29 +0000  copying file ./AppIcon20x20@3x.png ... 
2019-09-24 22:30:29 +0000  12026 bytes for ./AppIcon20x20@3x.png
2019-09-24 22:30:29 +0000  copying file ./AppIcon20x20~ipad.png ... 
2019-09-24 22:30:29 +0000  1474 bytes for ./AppIcon20x20~ipad.png
2019-09-24 22:30:29 +0000  copying file ./AppIcon29x29.png ... 
2019-09-24 22:30:29 +0000  2928 bytes for ./AppIcon29x29.png
2019-09-24 22:30:29 +0000  copying file ./AppIcon29x29@2x.png ... 
2019-09-24 22:30:29 +0000  11252 bytes for ./AppIcon29x29@2x.png
2019-09-24 22:30:29 +0000  copying file ./AppIcon29x29@2x~ipad.png ... 
2019-09-24 22:30:29 +0000  11252 bytes for ./AppIcon29x29@2x~ipad.png
2019-09-24 22:30:29 +0000  copying file ./AppIcon29x29@3x.png ... 
2019-09-24 22:30:29 +0000  24827 bytes for ./AppIcon29x29@3x.png
2019-09-24 22:30:29 +0000  copying file ./AppIcon29x29~ipad.png ... 
2019-09-24 22:30:29 +0000  2928 bytes for ./AppIcon29x29~ipad.png
2019-09-24 22:30:29 +0000  copying file ./AppIcon40x40@2x.png ... 
2019-09-24 22:30:29 +0000  21092 bytes for ./AppIcon40x40@2x.png
2019-09-24 22:30:29 +0000  copying file ./AppIcon40x40@2x~ipad.png ... 
2019-09-24 22:30:29 +0000  21092 bytes for ./AppIcon40x40@2x~ipad.png
2019-09-24 22:30:29 +0000  copying file ./AppIcon40x40@3x.png ... 
2019-09-24 22:30:29 +0000  46727 bytes for ./AppIcon40x40@3x.png
2019-09-24 22:30:29 +0000  copying file ./AppIcon40x40~ipad.png ... 
2019-09-24 22:30:29 +0000  5432 bytes for ./AppIcon40x40~ipad.png
2019-09-24 22:30:29 +0000  copying file ./AppIcon60x60@2x.png ... 
2019-09-24 22:30:29 +0000  46727 bytes for ./AppIcon60x60@2x.png
2019-09-24 22:30:29 +0000  copying file ./AppIcon60x60@3x.png ... 
2019-09-24 22:30:29 +0000  102483 bytes for ./AppIcon60x60@3x.png
2019-09-24 22:30:29 +0000  copying file ./AppIcon76x76@2x~ipad.png ... 
2019-09-24 22:30:29 +0000  73908 bytes for ./AppIcon76x76@2x~ipad.png
2019-09-24 22:30:29 +0000  copying file ./AppIcon76x76~ipad.png ... 
2019-09-24 22:30:29 +0000  19050 bytes for ./AppIcon76x76~ipad.png
2019-09-24 22:30:29 +0000  copying file ./AppIcon83.5x83.5@2x~ipad.png ... 
2019-09-24 22:30:29 +0000  88706 bytes for ./AppIcon83.5x83.5@2x~ipad.png
2019-09-24 22:30:29 +0000  copying file ./Assets.car ... 
2019-09-24 22:30:29 +0000  2698120 bytes for ./Assets.car
2019-09-24 22:30:29 +0000  copying file ./Data/boot.config ... 
2019-09-24 22:30:29 +0000  123 bytes for ./Data/boot.config
2019-09-24 22:30:29 +0000  copying file ./Data/globalgamemanagers ... 
2019-09-24 22:30:29 +0000  74816 bytes for ./Data/globalgamemanagers
2019-09-24 22:30:29 +0000  copying file ./Data/globalgamemanagers.assets ... 
2019-09-24 22:30:29 +0000  138100 bytes for ./Data/globalgamemanagers.assets
2019-09-24 22:30:29 +0000  copying file ./Data/globalgamemanagers.assets.resS ... 
2019-09-24 22:30:29 +0000  954432 bytes for ./Data/globalgamemanagers.assets.resS
2019-09-24 22:30:29 +0000  copying file ./Data/level0 ... 
2019-09-24 22:30:29 +0000  15644 bytes for ./Data/level0
2019-09-24 22:30:29 +0000  copying file ./Data/level0.resS ... 
2019-09-24 22:30:29 +0000  393212 bytes for ./Data/level0.resS
2019-09-24 22:30:29 +0000  copying file ./Data/level1 ... 
2019-09-24 22:30:29 +0000  633188 bytes for ./Data/level1
2019-09-24 22:30:29 +0000  copying file ./Data/level2 ... 
2019-09-24 22:30:29 +0000  18208 bytes for ./Data/level2
2019-09-24 22:30:29 +0000  copying file ./Data/Managed/EditorToUnityLinkerData.json ... 
2019-09-24 22:30:29 +0000  68991 bytes for ./Data/Managed/EditorToUnityLinkerData.json
2019-09-24 22:30:29 +0000  copying file ./Data/Managed/Metadata/global-metadata.dat ... 
2019-09-24 22:30:29 +0000  4295648 bytes for ./Data/Managed/Metadata/global-metadata.dat
2019-09-24 22:30:29 +0000  copying file ./Data/Managed/mono/2.0/machine.config ... 
2019-09-24 22:30:29 +0000  27625 bytes for ./Data/Managed/mono/2.0/machine.config
2019-09-24 22:30:29 +0000  copying file ./Data/Managed/mono/4.0/machine.config ... 
2019-09-24 22:30:29 +0000  33648 bytes for ./Data/Managed/mono/4.0/machine.config
2019-09-24 22:30:29 +0000  copying file ./Data/Managed/Resources/mscorlib.dll-resources.dat ... 
2019-09-24 22:30:29 +0000  337563 bytes for ./Data/Managed/Resources/mscorlib.dll-resources.dat
2019-09-24 22:30:29 +0000  copying file ./Data/Managed/TypesInScenes.xml ... 
2019-09-24 22:30:29 +0000  8641 bytes for ./Data/Managed/TypesInScenes.xml
copying file ./Data/Managed/UnityLinkerToEditorData.json ... 
2019-09-24 22:30:29 +0000  27 bytes for ./Data/Managed/UnityLinkerToEditorData.json
2019-09-24 22:30:29 +0000  copying file ./Data/Resources/unity_builtin_extra ... 
2019-09-24 22:30:29 +0000  672756 bytes for ./Data/Resources/unity_builtin_extra
2019-09-24 22:30:29 +0000  copying file ./Data/resources.assets ... 
2019-09-24 22:30:29 +0000  515288 bytes for ./Data/resources.assets
2019-09-24 22:30:29 +0000  copying file ./Data/sharedassets0.assets ... 
2019-09-24 22:30:29 +0000  27084 bytes for ./Data/sharedassets0.assets
2019-09-24 22:30:29 +0000  copying file ./Data/sharedassets0.assets.resS ... 
2019-09-24 22:30:29 +0000  288064 bytes for ./Data/sharedassets0.assets.resS
2019-09-24 22:30:29 +0000  copying file ./Data/sharedassets1.assets ... 
2019-09-24 22:30:29 +0000  45279348 bytes for ./Data/sharedassets1.assets
2019-09-24 22:30:29 +0000  copying file ./Data/sharedassets1.assets.resS ... 
2019-09-24 22:30:30 +0000  51562248 bytes for ./Data/sharedassets1.assets.resS
2019-09-24 22:30:30 +0000  copying file ./Data/sharedassets2.assets ... 
2019-09-24 22:30:30 +0000  4481 bytes for ./Data/sharedassets2.assets
2019-09-24 22:30:30 +0000  copying file ./Data/unity default resources ... 
2019-09-24 22:30:30 +0000  6345772 bytes for ./Data/unity default resources
2019-09-24 22:30:30 +0000  copying file ./embedded.mobileprovision ... 
7257 bytes for ./embedded.mobileprovision
copying file ./Info.plist ... 
2019-09-24 22:30:30 +0000  3600 bytes for ./Info.plist
2019-09-24 22:30:30 +0000  copying file ./LaunchImage-1100-Landscape-2436h@3x.png ... 
2019-09-24 22:30:30 +0000  12707 bytes for ./LaunchImage-1100-Landscape-2436h@3x.png
2019-09-24 22:30:30 +0000  copying file ./LaunchImage-1100-Portrait-2436h@3x.png ... 
2019-09-24 22:30:30 +0000  66037 bytes for ./LaunchImage-1100-Portrait-2436h@3x.png
2019-09-24 22:30:30 +0000  copying file ./LaunchImage-1200-Landscape-1792h@2x.png ... 
2019-09-24 22:30:30 +0000  7622 bytes for ./LaunchImage-1200-Landscape-1792h@2x.png
2019-09-24 22:30:30 +0000  copying file ./LaunchImage-1200-Landscape-2688h@3x.png ... 
2019-09-24 22:30:30 +0000  15608 bytes for ./LaunchImage-1200-Landscape-2688h@3x.png
2019-09-24 22:30:30 +0000  copying file ./LaunchImage-1200-Portrait-1792h@2x.png ... 
2019-09-24 22:30:30 +0000  8862 bytes for ./LaunchImage-1200-Portrait-1792h@2x.png
2019-09-24 22:30:30 +0000  copying file ./LaunchImage-1200-Portrait-2688h@3x.png ... 
2019-09-24 22:30:30 +0000  17633 bytes for ./LaunchImage-1200-Portrait-2688h@3x.png
2019-09-24 22:30:30 +0000  copying file ./LaunchImage-700-568h@2x.png ... 
2019-09-24 22:30:30 +0000  4617 bytes for ./LaunchImage-700-568h@2x.png
2019-09-24 22:30:30 +0000  copying file ./LaunchImage-700-Landscape@2x~ipad.png ... 
2019-09-24 22:30:30 +0000  14943 bytes for ./LaunchImage-700-Landscape@2x~ipad.png
2019-09-24 22:30:30 +0000  copying file ./LaunchImage-700-Landscape~ipad.png ... 
2019-09-24 22:30:30 +0000  4433 bytes for ./LaunchImage-700-Landscape~ipad.png
2019-09-24 22:30:30 +0000  copying file ./LaunchImage-700-Portrait@2x~ipad.png ... 
2019-09-24 22:30:30 +0000  15515 bytes for ./LaunchImage-700-Portrait@2x~ipad.png
2019-09-24 22:30:30 +0000  copying file ./LaunchImage-700-Portrait~ipad.png ... 
2019-09-24 22:30:30 +0000  4691 bytes for ./LaunchImage-700-Portrait~ipad.png
2019-09-24 22:30:30 +0000  copying file ./LaunchImage-700@2x.png ... 
2019-09-24 22:30:30 +0000  3933 bytes for ./LaunchImage-700@2x.png
2019-09-24 22:30:30 +0000  copying file ./LaunchImage-800-667h@2x.png ... 
2019-09-24 22:30:30 +0000  5949 bytes for ./LaunchImage-800-667h@2x.png
2019-09-24 22:30:30 +0000  copying file ./LaunchImage-800-Landscape-736h@3x.png ... 
2019-09-24 22:30:30 +0000  12887 bytes for ./LaunchImage-800-Landscape-736h@3x.png
2019-09-24 22:30:30 +0000  copying file ./LaunchImage-800-Portrait-736h@3x.png ... 
2019-09-24 22:30:30 +0000  14196 bytes for ./LaunchImage-800-Portrait-736h@3x.png
2019-09-24 22:30:30 +0000  copying file ./LaunchScreen-iPad.nib ... 
2019-09-24 22:30:30 +0000  1443 bytes for ./LaunchScreen-iPad.nib
2019-09-24 22:30:30 +0000  copying file ./LaunchScreen-iPad.png ... 
2019-09-24 22:30:30 +0000  138 bytes for ./LaunchScreen-iPad.png
2019-09-24 22:30:30 +0000  copying file ./LaunchScreen-iPhone.nib ... 
2019-09-24 22:30:30 +0000  1453 bytes for ./LaunchScreen-iPhone.nib
2019-09-24 22:30:30 +0000  copying file ./LaunchScreen-iPhoneLandscape.png ... 
2019-09-24 22:30:30 +0000  138 bytes for ./LaunchScreen-iPhoneLandscape.png
2019-09-24 22:30:30 +0000  copying file ./LaunchScreen-iPhonePortrait.png ... 
2019-09-24 22:30:30 +0000  138 bytes for ./LaunchScreen-iPhonePortrait.png
2019-09-24 22:30:30 +0000  copying file ./PkgInfo ... 
2019-09-24 22:30:30 +0000  8 bytes for ./PkgInfo
2019-09-24 22:30:30 +0000  copying file ./profile.json ... 
2019-09-24 22:30:30 +0000  47118 bytes for ./profile.json
2019-09-24 22:30:30 +0000  /usr/bin/ditto exited with 0
2019-09-24 22:30:30 +0000  Processing step: IDEDistributionEmbedProfileStep
2019-09-24 22:30:30 +0000  Processing step: IDEDistributionAppThinningPlistStep
2019-09-24 22:30:30 +0000  Skipping step: IDEDistributionAppThinningPlistStep because it said so
2019-09-24 22:30:30 +0000  Processing step: IDEDistributionCompileBitcodeStep
2019-09-24 22:30:30 +0000  Skipping step: IDEDistributionCompileBitcodeStep because it said so
2019-09-24 22:30:30 +0000  Processing step: IDEDistributionCodeSlimmingStep
2019-09-24 22:30:30 +0000  Processing step: IDEDistributionCopyBCSymbolMapsStep
2019-09-24 22:30:30 +0000  Skipping step: IDEDistributionCopyBCSymbolMapsStep because it said so
2019-09-24 22:30:30 +0000  Processing step: IDEDistributionSymbolsStep
2019-09-24 22:30:30 +0000  Skipping step: IDEDistributionSymbolsStep because it said so
2019-09-24 22:30:30 +0000  Processing step: IDEDistributionAppThinningStep
2019-09-24 22:30:30 +0000  Skipping step: IDEDistributionAppThinningStep because it said so
2019-09-24 22:30:30 +0000  Processing step: IDEDistributionArchThinningStep
2019-09-24 22:30:30 +0000  Running /Applications/Xcode.app/Contents/Developer/Toolchains/XcodeDefault.xctoolchain/usr/bin/lipo '/var/folders/r5/048gxh713bxf07n51xz_8x2w0000gn/T/XcodeDistPipeline.~~~onWzie/Root/Payload/ailover.app/ailover' '-verify_arch' 'arm64e'
2019-09-24 22:30:30 +0000  /Applications/Xcode.app/Contents/Developer/Toolchains/XcodeDefault.xctoolchain/usr/bin/lipo exited with 1
2019-09-24 22:30:30 +0000  Skipping architecture thinning for item "ailover" because arch "arm64e" wasn't found
2019-09-24 22:30:30 +0000  Processing step: IDEDistributionODRStep
2019-09-24 22:30:30 +0000  Processing step: IDEDistributionStripXattrsStep
2019-09-24 22:30:30 +0000  Running /usr/bin/xattr '-crs' '/var/folders/r5/048gxh713bxf07n51xz_8x2w0000gn/T/XcodeDistPipeline.~~~onWzie/Root/Payload/ailover.app'
2019-09-24 22:30:30 +0000  /usr/bin/xattr exited with 0
2019-09-24 22:30:30 +0000  Processing step: IDEDistributionCodesignStep
2019-09-24 22:30:30 +0000  Entitlements for <IDEDistributionItem: 0x7f9023a10c90 'com.carrotstore.ailover' '<DVTFilePath:0x7f9023a69d20:'/Users/thanhtran/Library/Developer/Xcode/Archives/2019-09-22/Unity-iPhone 9-22-19, 9.44 AM.xcarchive/Products/Applications/ailover.app'>'>: {
    "application-identifier" = "9QHM5UKB7X.com.carrotstore.ailover";
    "com.apple.developer.team-identifier" = 9QHM5UKB7X;
    "get-task-allow" = 0;
    "keychain-access-groups" =     (
        "9QHM5UKB7X.com.carrotstore.ailover"
    );
}
2019-09-24 22:30:30 +0000  Writing entitlements for <IDEDistributionItem: 0x7f9023a10c90 'com.carrotstore.ailover' '<DVTFilePath:0x7f9023a69d20:'/Users/thanhtran/Library/Developer/Xcode/Archives/2019-09-22/Unity-iPhone 9-22-19, 9.44 AM.xcarchive/Products/Applications/ailover.app'>'> to: /var/folders/r5/048gxh713bxf07n51xz_8x2w0000gn/T/XcodeDistPipeline.~~~onWzie/entitlements~~~iYRIVV
2019-09-24 22:30:30 +0000  Running /usr/bin/codesign '-vvv' '--force' '--sign' 'FF48212A7A812A0B68AB8D5698EC7DA4CCF1DF4C' '--entitlements' '/var/folders/r5/048gxh713bxf07n51xz_8x2w0000gn/T/XcodeDistPipeline.~~~onWzie/entitlements~~~iYRIVV' '--preserve-metadata=identifier,flags,runtime' '/var/folders/r5/048gxh713bxf07n51xz_8x2w0000gn/T/XcodeDistPipeline.~~~onWzie/Root/Payload/ailover.app'
2019-09-24 22:30:30 +0000  /var/folders/r5/048gxh713bxf07n51xz_8x2w0000gn/T/XcodeDistPipeline.~~~onWzie/Root/Payload/ailover.app: replacing existing signature
2019-09-24 22:30:43 +0000  /var/folders/r5/048gxh713bxf07n51xz_8x2w0000gn/T/XcodeDistPipeline.~~~onWzie/Root/Payload/ailover.app: signed app bundle with Mach-O universal (armv7 arm64) [com.carrotstore.ailover]
2019-09-24 22:30:43 +0000  /usr/bin/codesign exited with 0
2019-09-24 22:30:43 +0000  Processing step: IDEDistributionZipODRItemStep
2019-09-24 22:30:43 +0000  Skipping step: IDEDistributionZipODRItemStep because it said so
2019-09-24 22:30:43 +0000  Processing step: IDEDistributionCreateIPAStep
2019-09-24 22:30:43 +0000  Running /usr/bin/ditto '-V' '-c' '-k' '--norsrc' '/var/folders/r5/048gxh713bxf07n51xz_8x2w0000gn/T/XcodeDistPipeline.~~~onWzie/Root' '/var/folders/r5/048gxh713bxf07n51xz_8x2w0000gn/T/XcodeDistPipeline.~~~onWzie/Packages/Unity-iPhone.ipa'
2019-09-24 22:30:43 +0000  >>> Copying /var/folders/r5/048gxh713bxf07n51xz_8x2w0000gn/T/XcodeDistPipeline.~~~onWzie/Root 
2019-09-24 22:30:43 +0000  copying file ./Payload/ailover.app/_CodeSignature/CodeResources ... 
2019-09-24 22:30:43 +0000  21819 bytes for ./Payload/ailover.app/_CodeSignature/CodeResources
2019-09-24 22:30:43 +0000  copying file ./Payload/ailover.app/ailover ... 
2019-09-24 22:30:47 +0000  55961824 bytes for ./Payload/ailover.app/ailover
copying file ./Payload/ailover.app/AppIcon20x20@2x.png ... 
2019-09-24 22:30:47 +0000  5432 bytes for ./Payload/ailover.app/AppIcon20x20@2x.png
2019-09-24 22:30:47 +0000  copying file ./Payload/ailover.app/AppIcon20x20@2x~ipad.png ... 
2019-09-24 22:30:47 +0000  5432 bytes for ./Payload/ailover.app/AppIcon20x20@2x~ipad.png
2019-09-24 22:30:47 +0000  copying file ./Payload/ailover.app/AppIcon20x20@3x.png ... 
2019-09-24 22:30:47 +0000  12026 bytes for ./Payload/ailover.app/AppIcon20x20@3x.png
copying file ./Payload/ailover.app/AppIcon20x20~ipad.png ... 
2019-09-24 22:30:47 +0000  1474 bytes for ./Payload/ailover.app/AppIcon20x20~ipad.png
copying file ./Payload/ailover.app/AppIcon29x29.png ... 
2019-09-24 22:30:47 +0000  2928 bytes for ./Payload/ailover.app/AppIcon29x29.png
2019-09-24 22:30:47 +0000  copying file ./Payload/ailover.app/AppIcon29x29@2x.png ... 
2019-09-24 22:30:47 +0000  11252 bytes for ./Payload/ailover.app/AppIcon29x29@2x.png
2019-09-24 22:30:47 +0000  copying file ./Payload/ailover.app/AppIcon29x29@2x~ipad.png ... 
2019-09-24 22:30:47 +0000  11252 bytes for ./Payload/ailover.app/AppIcon29x29@2x~ipad.png
copying file ./Payload/ailover.app/AppIcon29x29@3x.png ... 
2019-09-24 22:30:47 +0000  24827 bytes for ./Payload/ailover.app/AppIcon29x29@3x.png
2019-09-24 22:30:47 +0000  copying file ./Payload/ailover.app/AppIcon29x29~ipad.png ... 
2019-09-24 22:30:47 +0000  2928 bytes for ./Payload/ailover.app/AppIcon29x29~ipad.png
2019-09-24 22:30:47 +0000  copying file ./Payload/ailover.app/AppIcon40x40@2x.png ... 
2019-09-24 22:30:47 +0000  21092 bytes for ./Payload/ailover.app/AppIcon40x40@2x.png
copying file ./Payload/ailover.app/AppIcon40x40@2x~ipad.png ... 
2019-09-24 22:30:47 +0000  21092 bytes for ./Payload/ailover.app/AppIcon40x40@2x~ipad.png
copying file ./Payload/ailover.app/AppIcon40x40@3x.png ... 
2019-09-24 22:30:47 +0000  46727 bytes for ./Payload/ailover.app/AppIcon40x40@3x.png
2019-09-24 22:30:47 +0000  copying file ./Payload/ailover.app/AppIcon40x40~ipad.png ... 
2019-09-24 22:30:47 +0000  5432 bytes for ./Payload/ailover.app/AppIcon40x40~ipad.png
2019-09-24 22:30:47 +0000  copying file ./Payload/ailover.app/AppIcon60x60@2x.png ... 
2019-09-24 22:30:47 +0000  46727 bytes for ./Payload/ailover.app/AppIcon60x60@2x.png
copying file ./Payload/ailover.app/AppIcon60x60@3x.png ... 
2019-09-24 22:30:47 +0000  102483 bytes for ./Payload/ailover.app/AppIcon60x60@3x.png
copying file ./Payload/ailover.app/AppIcon76x76@2x~ipad.png ... 
2019-09-24 22:30:47 +0000  73908 bytes for ./Payload/ailover.app/AppIcon76x76@2x~ipad.png
copying file ./Payload/ailover.app/AppIcon76x76~ipad.png ... 
2019-09-24 22:30:47 +0000  19050 bytes for ./Payload/ailover.app/AppIcon76x76~ipad.png
copying file ./Payload/ailover.app/AppIcon83.5x83.5@2x~ipad.png ... 
2019-09-24 22:30:47 +0000  88706 bytes for ./Payload/ailover.app/AppIcon83.5x83.5@2x~ipad.png
copying file ./Payload/ailover.app/Assets.car ... 
2019-09-24 22:30:47 +0000  2698120 bytes for ./Payload/ailover.app/Assets.car
2019-09-24 22:30:47 +0000  copying file ./Payload/ailover.app/Data/boot.config ... 
2019-09-24 22:30:47 +0000  123 bytes for ./Payload/ailover.app/Data/boot.config
copying file ./Payload/ailover.app/Data/globalgamemanagers ... 
2019-09-24 22:30:47 +0000  74816 bytes for ./Payload/ailover.app/Data/globalgamemanagers
copying file ./Payload/ailover.app/Data/globalgamemanagers.assets ... 
2019-09-24 22:30:47 +0000  138100 bytes for ./Payload/ailover.app/Data/globalgamemanagers.assets
copying file ./Payload/ailover.app/Data/globalgamemanagers.assets.resS ... 
2019-09-24 22:30:47 +0000  954432 bytes for ./Payload/ailover.app/Data/globalgamemanagers.assets.resS
copying file ./Payload/ailover.app/Data/level0 ... 
2019-09-24 22:30:47 +0000  15644 bytes for ./Payload/ailover.app/Data/level0
copying file ./Payload/ailover.app/Data/level0.resS ... 
2019-09-24 22:30:47 +0000  393212 bytes for ./Payload/ailover.app/Data/level0.resS
2019-09-24 22:30:47 +0000  copying file ./Payload/ailover.app/Data/level1 ... 
2019-09-24 22:30:47 +0000  633188 bytes for ./Payload/ailover.app/Data/level1
2019-09-24 22:30:47 +0000  copying file ./Payload/ailover.app/Data/level2 ... 
2019-09-24 22:30:47 +0000  18208 bytes for ./Payload/ailover.app/Data/level2
2019-09-24 22:30:47 +0000  copying file ./Payload/ailover.app/Data/Managed/EditorToUnityLinkerData.json ... 
2019-09-24 22:30:47 +0000  68991 bytes for ./Payload/ailover.app/Data/Managed/EditorToUnityLinkerData.json
2019-09-24 22:30:47 +0000  copying file ./Payload/ailover.app/Data/Managed/Metadata/global-metadata.dat ... 
2019-09-24 22:30:47 +0000  4295648 bytes for ./Payload/ailover.app/Data/Managed/Metadata/global-metadata.dat
2019-09-24 22:30:47 +0000  copying file ./Payload/ailover.app/Data/Managed/mono/2.0/machine.config ... 
2019-09-24 22:30:47 +0000  27625 bytes for ./Payload/ailover.app/Data/Managed/mono/2.0/machine.config
2019-09-24 22:30:47 +0000  copying file ./Payload/ailover.app/Data/Managed/mono/4.0/machine.config ... 
2019-09-24 22:30:47 +0000  33648 bytes for ./Payload/ailover.app/Data/Managed/mono/4.0/machine.config
2019-09-24 22:30:47 +0000  copying file ./Payload/ailover.app/Data/Managed/Resources/mscorlib.dll-resources.dat ... 
2019-09-24 22:30:47 +0000  337563 bytes for ./Payload/ailover.app/Data/Managed/Resources/mscorlib.dll-resources.dat
2019-09-24 22:30:47 +0000  copying file ./Payload/ailover.app/Data/Managed/TypesInScenes.xml ... 
2019-09-24 22:30:47 +0000  8641 bytes for ./Payload/ailover.app/Data/Managed/TypesInScenes.xml
copying file ./Payload/ailover.app/Data/Managed/UnityLinkerToEditorData.json ... 
2019-09-24 22:30:47 +0000  27 bytes for ./Payload/ailover.app/Data/Managed/UnityLinkerToEditorData.json
2019-09-24 22:30:47 +0000  copying file ./Payload/ailover.app/Data/Resources/unity_builtin_extra ... 
2019-09-24 22:30:47 +0000  672756 bytes for ./Payload/ailover.app/Data/Resources/unity_builtin_extra
2019-09-24 22:30:47 +0000  copying file ./Payload/ailover.app/Data/resources.assets ... 
2019-09-24 22:30:47 +0000  515288 bytes for ./Payload/ailover.app/Data/resources.assets
copying file ./Payload/ailover.app/Data/sharedassets0.assets ... 
2019-09-24 22:30:47 +0000  27084 bytes for ./Payload/ailover.app/Data/sharedassets0.assets
copying file ./Payload/ailover.app/Data/sharedassets0.assets.resS ... 
2019-09-24 22:30:47 +0000  288064 bytes for ./Payload/ailover.app/Data/sharedassets0.assets.resS
copying file ./Payload/ailover.app/Data/sharedassets1.assets ... 
2019-09-24 22:30:49 +0000  45279348 bytes for ./Payload/ailover.app/Data/sharedassets1.assets
2019-09-24 22:30:49 +0000  copying file ./Payload/ailover.app/Data/sharedassets1.assets.resS ... 
2019-09-24 22:30:53 +0000  51562248 bytes for ./Payload/ailover.app/Data/sharedassets1.assets.resS
copying file ./Payload/ailover.app/Data/sharedassets2.assets ... 
2019-09-24 22:30:53 +0000  4481 bytes for ./Payload/ailover.app/Data/sharedassets2.assets
2019-09-24 22:30:53 +0000  copying file ./Payload/ailover.app/Data/unity default resources ... 
2019-09-24 22:30:53 +0000  6345772 bytes for ./Payload/ailover.app/Data/unity default resources
2019-09-24 22:30:53 +0000  copying file ./Payload/ailover.app/embedded.mobileprovision ... 
2019-09-24 22:30:53 +0000  7329 bytes for ./Payload/ailover.app/embedded.mobileprovision
copying file ./Payload/ailover.app/Info.plist ... 
2019-09-24 22:30:53 +0000  3600 bytes for ./Payload/ailover.app/Info.plist
copying file ./Payload/ailover.app/LaunchImage-1100-Landscape-2436h@3x.png ... 
2019-09-24 22:30:53 +0000  12707 bytes for ./Payload/ailover.app/LaunchImage-1100-Landscape-2436h@3x.png
2019-09-24 22:30:53 +0000  copying file ./Payload/ailover.app/LaunchImage-1100-Portrait-2436h@3x.png ... 
2019-09-24 22:30:53 +0000  66037 bytes for ./Payload/ailover.app/LaunchImage-1100-Portrait-2436h@3x.png
copying file ./Payload/ailover.app/LaunchImage-1200-Landscape-1792h@2x.png ... 
2019-09-24 22:30:53 +0000  7622 bytes for ./Payload/ailover.app/LaunchImage-1200-Landscape-1792h@2x.png
2019-09-24 22:30:53 +0000  copying file ./Payload/ailover.app/LaunchImage-1200-Landscape-2688h@3x.png ... 
2019-09-24 22:30:53 +0000  15608 bytes for ./Payload/ailover.app/LaunchImage-1200-Landscape-2688h@3x.png
2019-09-24 22:30:53 +0000  copying file ./Payload/ailover.app/LaunchImage-1200-Portrait-1792h@2x.png ... 
2019-09-24 22:30:53 +0000  8862 bytes for ./Payload/ailover.app/LaunchImage-1200-Portrait-1792h@2x.png
2019-09-24 22:30:53 +0000  copying file ./Payload/ailover.app/LaunchImage-1200-Portrait-2688h@3x.png ... 
2019-09-24 22:30:53 +0000  17633 bytes for ./Payload/ailover.app/LaunchImage-1200-Portrait-2688h@3x.png
2019-09-24 22:30:53 +0000  copying file ./Payload/ailover.app/LaunchImage-700-568h@2x.png ... 
2019-09-24 22:30:53 +0000  4617 bytes for ./Payload/ailover.app/LaunchImage-700-568h@2x.png
2019-09-24 22:30:53 +0000  copying file ./Payload/ailover.app/LaunchImage-700-Landscape@2x~ipad.png ... 
2019-09-24 22:30:53 +0000  14943 bytes for ./Payload/ailover.app/LaunchImage-700-Landscape@2x~ipad.png
2019-09-24 22:30:53 +0000  copying file ./Payload/ailover.app/LaunchImage-700-Landscape~ipad.png ... 
2019-09-24 22:30:53 +0000  4433 bytes for ./Payload/ailover.app/LaunchImage-700-Landscape~ipad.png
2019-09-24 22:30:53 +0000  copying file ./Payload/ailover.app/LaunchImage-700-Portrait@2x~ipad.png ... 
2019-09-24 22:30:53 +0000  15515 bytes for ./Payload/ailover.app/LaunchImage-700-Portrait@2x~ipad.png
2019-09-24 22:30:53 +0000  copying file ./Payload/ailover.app/LaunchImage-700-Portrait~ipad.png ... 
2019-09-24 22:30:53 +0000  4691 bytes for ./Payload/ailover.app/LaunchImage-700-Portrait~ipad.png
2019-09-24 22:30:53 +0000  copying file ./Payload/ailover.app/LaunchImage-700@2x.png ... 
2019-09-24 22:30:53 +0000  3933 bytes for ./Payload/ailover.app/LaunchImage-700@2x.png
2019-09-24 22:30:53 +0000  copying file ./Payload/ailover.app/LaunchImage-800-667h@2x.png ... 
2019-09-24 22:30:53 +0000  5949 bytes for ./Payload/ailover.app/LaunchImage-800-667h@2x.png
2019-09-24 22:30:53 +0000  copying file ./Payload/ailover.app/LaunchImage-800-Landscape-736h@3x.png ... 
2019-09-24 22:30:53 +0000  12887 bytes for ./Payload/ailover.app/LaunchImage-800-Landscape-736h@3x.png
2019-09-24 22:30:53 +0000  copying file ./Payload/ailover.app/LaunchImage-800-Portrait-736h@3x.png ... 
2019-09-24 22:30:53 +0000  14196 bytes for ./Payload/ailover.app/LaunchImage-800-Portrait-736h@3x.png
2019-09-24 22:30:53 +0000  copying file ./Payload/ailover.app/LaunchScreen-iPad.nib ... 
2019-09-24 22:30:53 +0000  1443 bytes for ./Payload/ailover.app/LaunchScreen-iPad.nib
2019-09-24 22:30:53 +0000  copying file ./Payload/ailover.app/LaunchScreen-iPad.png ... 
2019-09-24 22:30:53 +0000  138 bytes for ./Payload/ailover.app/LaunchScreen-iPad.png
copying file ./Payload/ailover.app/LaunchScreen-iPhone.nib ... 
2019-09-24 22:30:53 +0000  1453 bytes for ./Payload/ailover.app/LaunchScreen-iPhone.nib
2019-09-24 22:30:53 +0000  copying file ./Payload/ailover.app/LaunchScreen-iPhoneLandscape.png ... 
2019-09-24 22:30:53 +0000  138 bytes for ./Payload/ailover.app/LaunchScreen-iPhoneLandscape.png
copying file ./Payload/ailover.app/LaunchScreen-iPhonePortrait.png ... 
2019-09-24 22:30:53 +0000  138 bytes for ./Payload/ailover.app/LaunchScreen-iPhonePortrait.png
2019-09-24 22:30:53 +0000  copying file ./Payload/ailover.app/PkgInfo ... 
2019-09-24 22:30:53 +0000  8 bytes for ./Payload/ailover.app/PkgInfo
copying file ./Payload/ailover.app/profile.json ... 
2019-09-24 22:30:53 +0000  47118 bytes for ./Payload/ailover.app/profile.json
2019-09-24 22:30:53 +0000  /usr/bin/ditto exited with 0
2019-09-24 22:30:53 +0000  Processing step: IDEDistributionAppStoreInformationStep
2019-09-24 22:30:53 +0000  Skipping step: IDEDistributionAppStoreInformationStep because it said so
2019-09-24 22:30:53 +0000  Processing step: IDEDistributionCreateManifestStep
